<?xml version="1.0" encoding="UTF-8"?>
<!-- Generated by org.testng.reporters.JUnitReportReporter -->
<testsuite hostname="DESKTOP-V32L355" failures="0" tests="1" name="PrimusBanl.TestCases.AdminLoginTest" time="2.883" errors="0" timestamp="2024-08-03T09:59:33 IST" skipped="0">
  <testcase classname="PrimusBanl.TestCases.AdminLoginTest" name="checkAdminLogin" time="2.883"/>
  <system-out/>
</testsuite> <!-- PrimusBanl.TestCases.AdminLoginTest -->
