<?xml version="1.0" encoding="UTF-8"?>
<!-- Generated by org.testng.reporters.JUnitReportReporter -->
<testsuite hostname="DESKTOP-V32L355" failures="0" tests="1" name="PrimusBankTestCases.AdminLoginTest" time="3.121" errors="0" timestamp="2024-08-04T19:36:56 IST" skipped="0">
  <testcase classname="PrimusBankTestCases.AdminLoginTest" name="checkAdminLogin" time="3.121"/>
  <system-out/>
</testsuite> <!-- PrimusBankTestCases.AdminLoginTest -->
